2025-02-11T05:52:23.397Z [INFO]: UsersController {/api/users}:
2025-02-11T05:52:23.400Z [INFO]: Mapped {/api/users, POST} route
2025-02-11T05:52:23.401Z [INFO]: Mapped {/api/users, GET} route
2025-02-11T05:52:23.401Z [INFO]: ProjectsController {/api/projects}:
2025-02-11T05:52:23.401Z [INFO]: Mapped {/api/projects, POST} route
2025-02-11T05:52:23.401Z [INFO]: Mapped {/api/projects, GET} route
2025-02-11T05:52:23.402Z [INFO]: Mapped {/api/projects/:id/prompt, PUT} route
2025-02-11T05:52:23.402Z [INFO]: NewsletterController {/api/newsletters}:
2025-02-11T05:52:23.402Z [INFO]: Mapped {/api/newsletters, GET} route
2025-02-11T05:52:23.402Z [INFO]: Mapped {/api/newsletters/emails, GET} route
2025-02-11T05:52:23.402Z [INFO]: Mapped {/api/newsletters/emails/search, GET} route
2025-02-11T05:52:23.440Z [INFO]: Nest application successfully started
2025-02-11T05:53:02.168Z [INFO]: Starting Nest application...
2025-02-11T05:53:02.169Z [INFO]: AppModule dependencies initialized
2025-02-11T05:53:02.169Z [INFO]: ConfigModule dependencies initialized
2025-02-11T05:53:02.169Z [INFO]: PrismaModule dependencies initialized
2025-02-11T05:53:02.169Z [INFO]: ConfigHostModule dependencies initialized
2025-02-11T05:53:02.170Z [INFO]: WinstonModule dependencies initialized
2025-02-11T05:53:02.170Z [INFO]: CacheModule dependencies initialized
2025-02-11T05:53:02.170Z [INFO]: ConfigModule dependencies initialized
2025-02-11T05:53:02.170Z [INFO]: LoggerModule dependencies initialized
2025-02-11T05:53:02.170Z [INFO]: UsersModule dependencies initialized
2025-02-11T05:53:02.170Z [INFO]: ProjectsModule dependencies initialized
2025-02-11T05:53:02.170Z [INFO]: NewsletterModule dependencies initialized
2025-02-11T05:53:02.170Z [INFO]: UsersController {/api/users}:
2025-02-11T05:53:02.170Z [INFO]: Mapped {/api/users, POST} route
2025-02-11T05:53:02.170Z [INFO]: Mapped {/api/users, GET} route
2025-02-11T05:53:02.170Z [INFO]: ProjectsController {/api/projects}:
2025-02-11T05:53:02.170Z [INFO]: Mapped {/api/projects, POST} route
2025-02-11T05:53:02.170Z [INFO]: Mapped {/api/projects, GET} route
2025-02-11T05:53:02.170Z [INFO]: Mapped {/api/projects/:id/prompt, PUT} route
2025-02-11T05:53:02.170Z [INFO]: NewsletterController {/api/newsletters}:
2025-02-11T05:53:02.170Z [INFO]: Mapped {/api/newsletters, GET} route
2025-02-11T05:53:02.170Z [INFO]: Mapped {/api/newsletters/emails, GET} route
2025-02-11T05:53:02.170Z [INFO]: Mapped {/api/newsletters/emails/search, GET} route
2025-02-11T05:53:02.170Z [INFO]: Nest application successfully started
2025-02-11T05:53:04.335Z [INFO]: Starting Nest application...
2025-02-11T05:53:04.335Z [INFO]: AppModule dependencies initialized
2025-02-11T05:53:04.335Z [INFO]: ConfigModule dependencies initialized
2025-02-11T05:53:04.336Z [INFO]: PrismaModule dependencies initialized
2025-02-11T05:53:04.336Z [INFO]: ConfigHostModule dependencies initialized
2025-02-11T05:53:04.336Z [INFO]: WinstonModule dependencies initialized
2025-02-11T05:53:04.336Z [INFO]: CacheModule dependencies initialized
2025-02-11T05:53:04.336Z [INFO]: ConfigModule dependencies initialized
2025-02-11T05:53:04.336Z [INFO]: LoggerModule dependencies initialized
2025-02-11T05:53:04.336Z [INFO]: UsersModule dependencies initialized
2025-02-11T05:53:04.336Z [INFO]: ProjectsModule dependencies initialized
2025-02-11T05:53:04.336Z [INFO]: NewsletterModule dependencies initialized
2025-02-11T05:53:04.336Z [INFO]: UsersController {/api/users}:
2025-02-11T05:53:04.336Z [INFO]: Mapped {/api/users, POST} route
2025-02-11T05:53:04.336Z [INFO]: Mapped {/api/users, GET} route
2025-02-11T05:53:04.336Z [INFO]: ProjectsController {/api/projects}:
2025-02-11T05:53:04.336Z [INFO]: Mapped {/api/projects, POST} route
2025-02-11T05:53:04.336Z [INFO]: Mapped {/api/projects, GET} route
2025-02-11T05:53:04.337Z [INFO]: Mapped {/api/projects/:id/prompt, PUT} route
2025-02-11T05:53:04.337Z [INFO]: NewsletterController {/api/newsletters}:
2025-02-11T05:53:04.337Z [INFO]: Mapped {/api/newsletters, GET} route
2025-02-11T05:53:04.337Z [INFO]: Mapped {/api/newsletters/emails, GET} route
2025-02-11T05:53:04.337Z [INFO]: Mapped {/api/newsletters/emails/search, GET} route
2025-02-11T05:53:04.337Z [INFO]: Nest application successfully started
2025-02-11T05:53:06.398Z [INFO]: Starting Nest application...
2025-02-11T05:53:06.399Z [INFO]: AppModule dependencies initialized
2025-02-11T05:53:06.399Z [INFO]: ConfigModule dependencies initialized
2025-02-11T05:53:06.399Z [INFO]: PrismaModule dependencies initialized
2025-02-11T05:53:06.399Z [INFO]: ConfigHostModule dependencies initialized
2025-02-11T05:53:06.399Z [INFO]: WinstonModule dependencies initialized
2025-02-11T05:53:06.399Z [INFO]: CacheModule dependencies initialized
2025-02-11T05:53:06.399Z [INFO]: ConfigModule dependencies initialized
2025-02-11T05:53:06.399Z [INFO]: LoggerModule dependencies initialized
2025-02-11T05:53:06.399Z [INFO]: UsersModule dependencies initialized
2025-02-11T05:53:06.400Z [INFO]: ProjectsModule dependencies initialized
2025-02-11T05:53:06.400Z [INFO]: NewsletterModule dependencies initialized
2025-02-11T05:53:06.400Z [INFO]: UsersController {/api/users}:
2025-02-11T05:53:06.400Z [INFO]: Mapped {/api/users, POST} route
2025-02-11T05:53:06.400Z [INFO]: Mapped {/api/users, GET} route
2025-02-11T05:53:06.400Z [INFO]: ProjectsController {/api/projects}:
2025-02-11T05:53:06.400Z [INFO]: Mapped {/api/projects, POST} route
2025-02-11T05:53:06.400Z [INFO]: Mapped {/api/projects, GET} route
2025-02-11T05:53:06.400Z [INFO]: Mapped {/api/projects/:id/prompt, PUT} route
2025-02-11T05:53:06.400Z [INFO]: NewsletterController {/api/newsletters}:
2025-02-11T05:53:06.400Z [INFO]: Mapped {/api/newsletters, GET} route
2025-02-11T05:53:06.400Z [INFO]: Mapped {/api/newsletters/emails, GET} route
2025-02-11T05:53:06.400Z [INFO]: Mapped {/api/newsletters/emails/search, GET} route
2025-02-11T05:53:06.400Z [INFO]: Nest application successfully started
2025-02-11T05:53:22.072Z [INFO]: Starting Nest application...
2025-02-11T05:53:22.073Z [INFO]: AppModule dependencies initialized
2025-02-11T05:53:22.073Z [INFO]: ConfigModule dependencies initialized
2025-02-11T05:53:22.073Z [INFO]: PrismaModule dependencies initialized
2025-02-11T05:53:22.073Z [INFO]: ConfigHostModule dependencies initialized
2025-02-11T05:53:22.074Z [INFO]: WinstonModule dependencies initialized
2025-02-11T05:53:22.074Z [INFO]: CacheModule dependencies initialized
2025-02-11T05:53:22.074Z [INFO]: ConfigModule dependencies initialized
2025-02-11T05:53:22.074Z [INFO]: LoggerModule dependencies initialized
2025-02-11T05:53:22.074Z [INFO]: UsersModule dependencies initialized
2025-02-11T05:53:22.074Z [INFO]: ProjectsModule dependencies initialized
2025-02-11T05:53:22.074Z [INFO]: NewsletterModule dependencies initialized
2025-02-11T05:53:22.074Z [INFO]: UsersController {/api/users}:
2025-02-11T05:53:22.074Z [INFO]: Mapped {/api/users, POST} route
2025-02-11T05:53:22.074Z [INFO]: Mapped {/api/users, GET} route
2025-02-11T05:53:22.074Z [INFO]: ProjectsController {/api/projects}:
2025-02-11T05:53:22.074Z [INFO]: Mapped {/api/projects, POST} route
2025-02-11T05:53:22.074Z [INFO]: Mapped {/api/projects, GET} route
2025-02-11T05:53:22.074Z [INFO]: Mapped {/api/projects/:id/prompt, PUT} route
2025-02-11T05:53:22.074Z [INFO]: NewsletterController {/api/newsletters}:
2025-02-11T05:53:22.074Z [INFO]: Mapped {/api/newsletters, GET} route
2025-02-11T05:53:22.074Z [INFO]: Mapped {/api/newsletters/emails, GET} route
2025-02-11T05:53:22.074Z [INFO]: Mapped {/api/newsletters/emails/search, GET} route
2025-02-11T05:53:22.074Z [INFO]: Nest application successfully started
2025-02-11T05:53:22.504Z [INFO]: Starting Nest application...
2025-02-11T05:53:22.504Z [INFO]: AppModule dependencies initialized
2025-02-11T05:53:22.505Z [INFO]: ConfigModule dependencies initialized
2025-02-11T05:53:22.505Z [INFO]: PrismaModule dependencies initialized
2025-02-11T05:53:22.505Z [INFO]: ConfigHostModule dependencies initialized
2025-02-11T05:53:22.505Z [INFO]: WinstonModule dependencies initialized
2025-02-11T05:53:22.505Z [INFO]: CacheModule dependencies initialized
2025-02-11T05:53:22.505Z [INFO]: ConfigModule dependencies initialized
2025-02-11T05:53:22.505Z [INFO]: LoggerModule dependencies initialized
2025-02-11T05:53:22.505Z [INFO]: UsersModule dependencies initialized
2025-02-11T05:53:22.505Z [INFO]: ProjectsModule dependencies initialized
2025-02-11T05:53:22.505Z [INFO]: NewsletterModule dependencies initialized
2025-02-11T05:53:22.505Z [INFO]: UsersController {/api/users}:
2025-02-11T05:53:22.506Z [INFO]: Mapped {/api/users, POST} route
2025-02-11T05:53:22.506Z [INFO]: Mapped {/api/users, GET} route
2025-02-11T05:53:22.506Z [INFO]: ProjectsController {/api/projects}:
2025-02-11T05:53:22.506Z [INFO]: Mapped {/api/projects, POST} route
2025-02-11T05:53:22.506Z [INFO]: Mapped {/api/projects, GET} route
2025-02-11T05:53:22.506Z [INFO]: Mapped {/api/projects/:id/prompt, PUT} route
2025-02-11T05:53:22.506Z [INFO]: NewsletterController {/api/newsletters}:
2025-02-11T05:53:22.506Z [INFO]: Mapped {/api/newsletters, GET} route
2025-02-11T05:53:22.506Z [INFO]: Mapped {/api/newsletters/emails, GET} route
2025-02-11T05:53:22.506Z [INFO]: Mapped {/api/newsletters/emails/search, GET} route
2025-02-11T05:53:22.506Z [INFO]: Nest application successfully started
2025-02-11T05:53:25.469Z [INFO]: Starting Nest application...
2025-02-11T05:53:25.470Z [INFO]: AppModule dependencies initialized
2025-02-11T05:53:25.470Z [INFO]: ConfigModule dependencies initialized
2025-02-11T05:53:25.470Z [INFO]: PrismaModule dependencies initialized
2025-02-11T05:53:25.470Z [INFO]: ConfigHostModule dependencies initialized
2025-02-11T05:53:25.470Z [INFO]: WinstonModule dependencies initialized
2025-02-11T05:53:25.470Z [INFO]: CacheModule dependencies initialized
2025-02-11T05:53:25.470Z [INFO]: ConfigModule dependencies initialized
2025-02-11T05:53:25.470Z [INFO]: LoggerModule dependencies initialized
2025-02-11T05:53:25.471Z [INFO]: UsersModule dependencies initialized
2025-02-11T05:53:25.471Z [INFO]: ProjectsModule dependencies initialized
2025-02-11T05:53:25.471Z [INFO]: NewsletterModule dependencies initialized
2025-02-11T05:53:25.471Z [INFO]: UsersController {/api/users}:
2025-02-11T05:53:25.471Z [INFO]: Mapped {/api/users, POST} route
2025-02-11T05:53:25.471Z [INFO]: Mapped {/api/users, GET} route
2025-02-11T05:53:25.471Z [INFO]: ProjectsController {/api/projects}:
2025-02-11T05:53:25.471Z [INFO]: Mapped {/api/projects, POST} route
2025-02-11T05:53:25.471Z [INFO]: Mapped {/api/projects, GET} route
2025-02-11T05:53:25.471Z [INFO]: Mapped {/api/projects/:id/prompt, PUT} route
2025-02-11T05:53:25.471Z [INFO]: NewsletterController {/api/newsletters}:
2025-02-11T05:53:25.471Z [INFO]: Mapped {/api/newsletters, GET} route
2025-02-11T05:53:25.471Z [INFO]: Mapped {/api/newsletters/emails, GET} route
2025-02-11T05:53:25.471Z [INFO]: Mapped {/api/newsletters/emails/search, GET} route
2025-02-11T05:53:25.471Z [INFO]: Nest application successfully started
2025-02-11T05:53:31.978Z [INFO]: Starting Nest application...
2025-02-11T05:53:31.979Z [INFO]: AppModule dependencies initialized
2025-02-11T05:53:31.979Z [INFO]: ConfigModule dependencies initialized
2025-02-11T05:53:31.979Z [INFO]: PrismaModule dependencies initialized
2025-02-11T05:53:31.979Z [INFO]: ConfigHostModule dependencies initialized
2025-02-11T05:53:31.979Z [INFO]: WinstonModule dependencies initialized
2025-02-11T05:53:31.979Z [INFO]: CacheModule dependencies initialized
2025-02-11T05:53:31.979Z [INFO]: ConfigModule dependencies initialized
2025-02-11T05:53:31.979Z [INFO]: LoggerModule dependencies initialized
2025-02-11T05:53:31.980Z [INFO]: UsersModule dependencies initialized
2025-02-11T05:53:31.980Z [INFO]: ProjectsModule dependencies initialized
2025-02-11T05:53:31.980Z [INFO]: NewsletterModule dependencies initialized
2025-02-11T05:53:31.980Z [INFO]: UsersController {/api/users}:
2025-02-11T05:53:31.980Z [INFO]: Mapped {/api/users, POST} route
2025-02-11T05:53:31.980Z [INFO]: Mapped {/api/users, GET} route
2025-02-11T05:53:31.980Z [INFO]: ProjectsController {/api/projects}:
2025-02-11T05:53:31.980Z [INFO]: Mapped {/api/projects, POST} route
2025-02-11T05:53:31.980Z [INFO]: Mapped {/api/projects, GET} route
2025-02-11T05:53:31.980Z [INFO]: Mapped {/api/projects/:id/prompt, PUT} route
2025-02-11T05:53:31.980Z [INFO]: NewsletterController {/api/newsletters}:
2025-02-11T05:53:31.980Z [INFO]: Mapped {/api/newsletters, GET} route
2025-02-11T05:53:31.980Z [INFO]: Mapped {/api/newsletters/emails, GET} route
2025-02-11T05:53:31.980Z [INFO]: Mapped {/api/newsletters/emails/search, GET} route
2025-02-11T05:53:31.980Z [INFO]: Nest application successfully started
2025-02-11T05:53:33.139Z [INFO]: Starting Nest application...
2025-02-11T05:53:33.140Z [INFO]: AppModule dependencies initialized
2025-02-11T05:53:33.140Z [INFO]: ConfigModule dependencies initialized
2025-02-11T05:53:33.140Z [INFO]: PrismaModule dependencies initialized
2025-02-11T05:53:33.140Z [INFO]: ConfigHostModule dependencies initialized
2025-02-11T05:53:33.140Z [INFO]: WinstonModule dependencies initialized
2025-02-11T05:53:33.141Z [INFO]: CacheModule dependencies initialized
2025-02-11T05:53:33.141Z [INFO]: ConfigModule dependencies initialized
2025-02-11T05:53:33.141Z [INFO]: LoggerModule dependencies initialized
2025-02-11T05:53:33.141Z [INFO]: UsersModule dependencies initialized
2025-02-11T05:53:33.141Z [INFO]: ProjectsModule dependencies initialized
2025-02-11T05:53:33.141Z [INFO]: NewsletterModule dependencies initialized
2025-02-11T05:53:33.141Z [INFO]: UsersController {/api/users}:
2025-02-11T05:53:33.141Z [INFO]: Mapped {/api/users, POST} route
2025-02-11T05:53:33.141Z [INFO]: Mapped {/api/users, GET} route
2025-02-11T05:53:33.141Z [INFO]: ProjectsController {/api/projects}:
2025-02-11T05:53:33.141Z [INFO]: Mapped {/api/projects, POST} route
2025-02-11T05:53:33.141Z [INFO]: Mapped {/api/projects, GET} route
2025-02-11T05:53:33.141Z [INFO]: Mapped {/api/projects/:id/prompt, PUT} route
2025-02-11T05:53:33.141Z [INFO]: NewsletterController {/api/newsletters}:
2025-02-11T05:53:33.141Z [INFO]: Mapped {/api/newsletters, GET} route
2025-02-11T05:53:33.141Z [INFO]: Mapped {/api/newsletters/emails, GET} route
2025-02-11T05:53:33.141Z [INFO]: Mapped {/api/newsletters/emails/search, GET} route
2025-02-11T05:53:33.141Z [INFO]: Nest application successfully started
2025-02-11T05:53:34.483Z [INFO]: Starting Nest application...
2025-02-11T05:53:34.483Z [INFO]: AppModule dependencies initialized
2025-02-11T05:53:34.484Z [INFO]: ConfigModule dependencies initialized
2025-02-11T05:53:34.484Z [INFO]: PrismaModule dependencies initialized
2025-02-11T05:53:34.484Z [INFO]: ConfigHostModule dependencies initialized
2025-02-11T05:53:34.484Z [INFO]: WinstonModule dependencies initialized
2025-02-11T05:53:34.484Z [INFO]: CacheModule dependencies initialized
2025-02-11T05:53:34.484Z [INFO]: ConfigModule dependencies initialized
2025-02-11T05:53:34.484Z [INFO]: LoggerModule dependencies initialized
2025-02-11T05:53:34.484Z [INFO]: UsersModule dependencies initialized
2025-02-11T05:53:34.484Z [INFO]: ProjectsModule dependencies initialized
2025-02-11T05:53:34.485Z [INFO]: NewsletterModule dependencies initialized
2025-02-11T05:53:34.485Z [INFO]: UsersController {/api/users}:
2025-02-11T05:53:34.485Z [INFO]: Mapped {/api/users, POST} route
2025-02-11T05:53:34.485Z [INFO]: Mapped {/api/users, GET} route
2025-02-11T05:53:34.485Z [INFO]: ProjectsController {/api/projects}:
2025-02-11T05:53:34.485Z [INFO]: Mapped {/api/projects, POST} route
2025-02-11T05:53:34.485Z [INFO]: Mapped {/api/projects, GET} route
2025-02-11T05:53:34.485Z [INFO]: Mapped {/api/projects/:id/prompt, PUT} route
2025-02-11T05:53:34.485Z [INFO]: NewsletterController {/api/newsletters}:
2025-02-11T05:53:34.485Z [INFO]: Mapped {/api/newsletters, GET} route
2025-02-11T05:53:34.485Z [INFO]: Mapped {/api/newsletters/emails, GET} route
2025-02-11T05:53:34.485Z [INFO]: Mapped {/api/newsletters/emails/search, GET} route
2025-02-11T05:53:34.485Z [INFO]: Nest application successfully started
2025-02-11T05:53:35.220Z [INFO]: Starting Nest application...
2025-02-11T05:53:35.221Z [INFO]: AppModule dependencies initialized
2025-02-11T05:53:35.221Z [INFO]: ConfigModule dependencies initialized
2025-02-11T05:53:35.221Z [INFO]: PrismaModule dependencies initialized
2025-02-11T05:53:35.221Z [INFO]: ConfigHostModule dependencies initialized
2025-02-11T05:53:35.221Z [INFO]: WinstonModule dependencies initialized
2025-02-11T05:53:35.221Z [INFO]: CacheModule dependencies initialized
2025-02-11T05:53:35.221Z [INFO]: ConfigModule dependencies initialized
2025-02-11T05:53:35.221Z [INFO]: LoggerModule dependencies initialized
2025-02-11T05:53:35.222Z [INFO]: UsersModule dependencies initialized
2025-02-11T05:53:35.222Z [INFO]: ProjectsModule dependencies initialized
2025-02-11T05:53:35.222Z [INFO]: NewsletterModule dependencies initialized
2025-02-11T05:53:35.222Z [INFO]: UsersController {/api/users}:
2025-02-11T05:53:35.222Z [INFO]: Mapped {/api/users, POST} route
2025-02-11T05:53:35.222Z [INFO]: Mapped {/api/users, GET} route
2025-02-11T05:53:35.222Z [INFO]: ProjectsController {/api/projects}:
2025-02-11T05:53:35.222Z [INFO]: Mapped {/api/projects, POST} route
2025-02-11T05:53:35.222Z [INFO]: Mapped {/api/projects, GET} route
2025-02-11T05:53:35.222Z [INFO]: Mapped {/api/projects/:id/prompt, PUT} route
2025-02-11T05:53:35.222Z [INFO]: NewsletterController {/api/newsletters}:
2025-02-11T05:53:35.222Z [INFO]: Mapped {/api/newsletters, GET} route
2025-02-11T05:53:35.222Z [INFO]: Mapped {/api/newsletters/emails, GET} route
2025-02-11T05:53:35.222Z [INFO]: Mapped {/api/newsletters/emails/search, GET} route
2025-02-11T05:53:35.222Z [INFO]: Nest application successfully started
2025-02-11T05:53:37.215Z [INFO]: Starting Nest application...
2025-02-11T05:53:37.216Z [INFO]: AppModule dependencies initialized
2025-02-11T05:53:37.216Z [INFO]: ConfigModule dependencies initialized
2025-02-11T05:53:37.216Z [INFO]: PrismaModule dependencies initialized
2025-02-11T05:53:37.216Z [INFO]: ConfigHostModule dependencies initialized
2025-02-11T05:53:37.216Z [INFO]: WinstonModule dependencies initialized
2025-02-11T05:53:37.216Z [INFO]: CacheModule dependencies initialized
2025-02-11T05:53:37.216Z [INFO]: ConfigModule dependencies initialized
2025-02-11T05:53:37.216Z [INFO]: LoggerModule dependencies initialized
2025-02-11T05:53:37.217Z [INFO]: UsersModule dependencies initialized
2025-02-11T05:53:37.217Z [INFO]: ProjectsModule dependencies initialized
2025-02-11T05:53:37.217Z [INFO]: NewsletterModule dependencies initialized
2025-02-11T05:53:37.217Z [INFO]: UsersController {/api/users}:
2025-02-11T05:53:37.217Z [INFO]: Mapped {/api/users, POST} route
2025-02-11T05:53:37.217Z [INFO]: Mapped {/api/users, GET} route
2025-02-11T05:53:37.217Z [INFO]: ProjectsController {/api/projects}:
2025-02-11T05:53:37.217Z [INFO]: Mapped {/api/projects, POST} route
2025-02-11T05:53:37.217Z [INFO]: Mapped {/api/projects, GET} route
2025-02-11T05:53:37.217Z [INFO]: Mapped {/api/projects/:id/prompt, PUT} route
2025-02-11T05:53:37.217Z [INFO]: NewsletterController {/api/newsletters}:
2025-02-11T05:53:37.217Z [INFO]: Mapped {/api/newsletters, GET} route
2025-02-11T05:53:37.217Z [INFO]: Mapped {/api/newsletters/emails, GET} route
2025-02-11T05:53:37.217Z [INFO]: Mapped {/api/newsletters/emails/search, GET} route
2025-02-11T05:53:37.217Z [INFO]: Nest application successfully started
2025-02-11T05:53:38.802Z [INFO]: Starting Nest application...
2025-02-11T05:53:38.803Z [INFO]: AppModule dependencies initialized
2025-02-11T05:53:38.803Z [INFO]: ConfigModule dependencies initialized
2025-02-11T05:53:38.803Z [INFO]: PrismaModule dependencies initialized
2025-02-11T05:53:38.803Z [INFO]: ConfigHostModule dependencies initialized
2025-02-11T05:53:38.803Z [INFO]: WinstonModule dependencies initialized
2025-02-11T05:53:38.803Z [INFO]: CacheModule dependencies initialized
2025-02-11T05:53:38.803Z [INFO]: ConfigModule dependencies initialized
2025-02-11T05:53:38.803Z [INFO]: LoggerModule dependencies initialized
2025-02-11T05:53:38.804Z [INFO]: UsersModule dependencies initialized
2025-02-11T05:53:38.804Z [INFO]: ProjectsModule dependencies initialized
2025-02-11T05:53:38.804Z [INFO]: NewsletterModule dependencies initialized
2025-02-11T05:53:38.804Z [INFO]: UsersController {/api/users}:
2025-02-11T05:53:38.804Z [INFO]: Mapped {/api/users, POST} route
2025-02-11T05:53:38.804Z [INFO]: Mapped {/api/users, GET} route
2025-02-11T05:53:38.804Z [INFO]: ProjectsController {/api/projects}:
2025-02-11T05:53:38.804Z [INFO]: Mapped {/api/projects, POST} route
2025-02-11T05:53:38.804Z [INFO]: Mapped {/api/projects, GET} route
2025-02-11T05:53:38.804Z [INFO]: Mapped {/api/projects/:id/prompt, PUT} route
2025-02-11T05:53:38.804Z [INFO]: NewsletterController {/api/newsletters}:
2025-02-11T05:53:38.804Z [INFO]: Mapped {/api/newsletters, GET} route
2025-02-11T05:53:38.804Z [INFO]: Mapped {/api/newsletters/emails, GET} route
2025-02-11T05:53:38.804Z [INFO]: Mapped {/api/newsletters/emails/search, GET} route
2025-02-11T05:53:38.804Z [INFO]: Nest application successfully started
2025-02-11T05:53:42.029Z [INFO]: Starting Nest application...
2025-02-11T05:53:42.029Z [INFO]: AppModule dependencies initialized
2025-02-11T05:53:42.030Z [INFO]: ConfigModule dependencies initialized
2025-02-11T05:53:42.030Z [INFO]: PrismaModule dependencies initialized
2025-02-11T05:53:42.030Z [INFO]: ConfigHostModule dependencies initialized
2025-02-11T05:53:42.030Z [INFO]: WinstonModule dependencies initialized
2025-02-11T05:53:42.030Z [INFO]: CacheModule dependencies initialized
2025-02-11T05:53:42.030Z [INFO]: ConfigModule dependencies initialized
2025-02-11T05:53:42.030Z [INFO]: LoggerModule dependencies initialized
2025-02-11T05:53:42.030Z [INFO]: UsersModule dependencies initialized
2025-02-11T05:53:42.030Z [INFO]: ProjectsModule dependencies initialized
2025-02-11T05:53:42.030Z [INFO]: NewsletterModule dependencies initialized
2025-02-11T05:53:42.031Z [INFO]: UsersController {/api/users}:
2025-02-11T05:53:42.031Z [INFO]: Mapped {/api/users, POST} route
2025-02-11T05:53:42.031Z [INFO]: Mapped {/api/users, GET} route
2025-02-11T05:53:42.031Z [INFO]: ProjectsController {/api/projects}:
2025-02-11T05:53:42.031Z [INFO]: Mapped {/api/projects, POST} route
2025-02-11T05:53:42.031Z [INFO]: Mapped {/api/projects, GET} route
2025-02-11T05:53:42.031Z [INFO]: Mapped {/api/projects/:id/prompt, PUT} route
2025-02-11T05:53:42.031Z [INFO]: NewsletterController {/api/newsletters}:
2025-02-11T05:53:42.031Z [INFO]: Mapped {/api/newsletters, GET} route
2025-02-11T05:53:42.031Z [INFO]: Mapped {/api/newsletters/emails, GET} route
2025-02-11T05:53:42.031Z [INFO]: Mapped {/api/newsletters/emails/search, GET} route
2025-02-11T05:53:42.031Z [INFO]: Nest application successfully started
2025-02-11T05:53:46.202Z [INFO]: Starting Nest application...
2025-02-11T05:53:46.203Z [INFO]: AppModule dependencies initialized
2025-02-11T05:53:46.203Z [INFO]: ConfigModule dependencies initialized
2025-02-11T05:53:46.203Z [INFO]: PrismaModule dependencies initialized
2025-02-11T05:53:46.203Z [INFO]: ConfigHostModule dependencies initialized
2025-02-11T05:53:46.203Z [INFO]: WinstonModule dependencies initialized
2025-02-11T05:53:46.203Z [INFO]: CacheModule dependencies initialized
2025-02-11T05:53:46.203Z [INFO]: ConfigModule dependencies initialized
2025-02-11T05:53:46.203Z [INFO]: LoggerModule dependencies initialized
2025-02-11T05:53:46.204Z [INFO]: UsersModule dependencies initialized
2025-02-11T05:53:46.204Z [INFO]: ProjectsModule dependencies initialized
2025-02-11T05:53:46.204Z [INFO]: NewsletterModule dependencies initialized
2025-02-11T05:53:46.204Z [INFO]: UsersController {/api/users}:
2025-02-11T05:53:46.204Z [INFO]: Mapped {/api/users, POST} route
2025-02-11T05:53:46.204Z [INFO]: Mapped {/api/users, GET} route
2025-02-11T05:53:46.204Z [INFO]: ProjectsController {/api/projects}:
2025-02-11T05:53:46.204Z [INFO]: Mapped {/api/projects, POST} route
2025-02-11T05:53:46.204Z [INFO]: Mapped {/api/projects, GET} route
2025-02-11T05:53:46.204Z [INFO]: Mapped {/api/projects/:id/prompt, PUT} route
2025-02-11T05:53:46.204Z [INFO]: NewsletterController {/api/newsletters}:
2025-02-11T05:53:46.204Z [INFO]: Mapped {/api/newsletters, GET} route
2025-02-11T05:53:46.204Z [INFO]: Mapped {/api/newsletters/emails, GET} route
2025-02-11T05:53:46.204Z [INFO]: Mapped {/api/newsletters/emails/search, GET} route
2025-02-11T05:53:46.204Z [INFO]: Nest application successfully started
2025-02-11T05:53:46.975Z [INFO]: Starting Nest application...
2025-02-11T05:53:46.975Z [INFO]: AppModule dependencies initialized
2025-02-11T05:53:46.976Z [INFO]: ConfigModule dependencies initialized
2025-02-11T05:53:46.976Z [INFO]: PrismaModule dependencies initialized
2025-02-11T05:53:46.976Z [INFO]: ConfigHostModule dependencies initialized
2025-02-11T05:53:46.976Z [INFO]: WinstonModule dependencies initialized
2025-02-11T05:53:46.976Z [INFO]: CacheModule dependencies initialized
2025-02-11T05:53:46.976Z [INFO]: ConfigModule dependencies initialized
2025-02-11T05:53:46.976Z [INFO]: LoggerModule dependencies initialized
2025-02-11T05:53:46.976Z [INFO]: UsersModule dependencies initialized
2025-02-11T05:53:46.976Z [INFO]: ProjectsModule dependencies initialized
2025-02-11T05:53:46.976Z [INFO]: NewsletterModule dependencies initialized
2025-02-11T05:53:46.976Z [INFO]: UsersController {/api/users}:
2025-02-11T05:53:46.977Z [INFO]: Mapped {/api/users, POST} route
2025-02-11T05:53:46.977Z [INFO]: Mapped {/api/users, GET} route
2025-02-11T05:53:46.977Z [INFO]: ProjectsController {/api/projects}:
2025-02-11T05:53:46.977Z [INFO]: Mapped {/api/projects, POST} route
2025-02-11T05:53:46.977Z [INFO]: Mapped {/api/projects, GET} route
2025-02-11T05:53:46.977Z [INFO]: Mapped {/api/projects/:id/prompt, PUT} route
2025-02-11T05:53:46.977Z [INFO]: NewsletterController {/api/newsletters}:
2025-02-11T05:53:46.977Z [INFO]: Mapped {/api/newsletters, GET} route
2025-02-11T05:53:46.977Z [INFO]: Mapped {/api/newsletters/emails, GET} route
2025-02-11T05:53:46.977Z [INFO]: Mapped {/api/newsletters/emails/search, GET} route
2025-02-11T05:53:46.977Z [INFO]: Nest application successfully started
2025-02-11T05:53:53.152Z [INFO]: Starting Nest application...
2025-02-11T05:53:53.152Z [INFO]: AppModule dependencies initialized
2025-02-11T05:53:53.153Z [INFO]: ConfigModule dependencies initialized
2025-02-11T05:53:53.153Z [INFO]: PrismaModule dependencies initialized
2025-02-11T05:53:53.153Z [INFO]: ConfigHostModule dependencies initialized
2025-02-11T05:53:53.153Z [INFO]: WinstonModule dependencies initialized
2025-02-11T05:53:53.153Z [INFO]: CacheModule dependencies initialized
2025-02-11T05:53:53.153Z [INFO]: ConfigModule dependencies initialized
2025-02-11T05:53:53.153Z [INFO]: LoggerModule dependencies initialized
2025-02-11T05:53:53.153Z [INFO]: UsersModule dependencies initialized
2025-02-11T05:53:53.154Z [INFO]: ProjectsModule dependencies initialized
2025-02-11T05:53:53.154Z [INFO]: NewsletterModule dependencies initialized
2025-02-11T05:53:53.154Z [INFO]: UsersController {/api/users}:
2025-02-11T05:53:53.154Z [INFO]: Mapped {/api/users, POST} route
2025-02-11T05:53:53.154Z [INFO]: Mapped {/api/users, GET} route
2025-02-11T05:53:53.154Z [INFO]: ProjectsController {/api/projects}:
2025-02-11T05:53:53.154Z [INFO]: Mapped {/api/projects, POST} route
2025-02-11T05:53:53.154Z [INFO]: Mapped {/api/projects, GET} route
2025-02-11T05:53:53.154Z [INFO]: Mapped {/api/projects/:id/prompt, PUT} route
2025-02-11T05:53:53.154Z [INFO]: NewsletterController {/api/newsletters}:
2025-02-11T05:53:53.154Z [INFO]: Mapped {/api/newsletters, GET} route
2025-02-11T05:53:53.154Z [INFO]: Mapped {/api/newsletters/emails, GET} route
2025-02-11T05:53:53.154Z [INFO]: Mapped {/api/newsletters/emails/search, GET} route
2025-02-11T05:53:53.154Z [INFO]: Nest application successfully started
2025-02-11T06:12:46.081Z [INFO]: Starting Nest application...
2025-02-11T06:12:46.083Z [INFO]: AppModule dependencies initialized
2025-02-11T06:12:46.083Z [INFO]: ConfigModule dependencies initialized
2025-02-11T06:12:46.083Z [INFO]: PrismaModule dependencies initialized
2025-02-11T06:12:46.083Z [INFO]: ConfigHostModule dependencies initialized
2025-02-11T06:12:46.083Z [INFO]: WinstonModule dependencies initialized
2025-02-11T06:12:46.083Z [INFO]: CacheModule dependencies initialized
2025-02-11T06:12:46.083Z [INFO]: ConfigModule dependencies initialized
2025-02-11T06:12:46.084Z [INFO]: LoggerModule dependencies initialized
2025-02-11T06:12:46.084Z [INFO]: UsersModule dependencies initialized
2025-02-11T06:12:46.084Z [INFO]: NewsletterModule dependencies initialized
2025-02-11T06:12:46.084Z [INFO]: ProjectsModule dependencies initialized
2025-02-11T06:12:46.084Z [INFO]: UsersController {/api/users}:
2025-02-11T06:12:46.084Z [INFO]: Mapped {/api/users, POST} route
2025-02-11T06:12:46.084Z [INFO]: Mapped {/api/users, GET} route
2025-02-11T06:12:46.084Z [INFO]: ProjectsController {/api/projects}:
2025-02-11T06:12:46.084Z [INFO]: Mapped {/api/projects, POST} route
2025-02-11T06:12:46.084Z [INFO]: Mapped {/api/projects, GET} route
2025-02-11T06:12:46.084Z [INFO]: Mapped {/api/projects/:id/prompt, PUT} route
2025-02-11T06:12:46.084Z [INFO]: NewsletterController {/api/newsletters}:
2025-02-11T06:12:46.084Z [INFO]: Mapped {/api/newsletters, GET} route
2025-02-11T06:12:46.084Z [INFO]: Mapped {/api/newsletters/emails, GET} route
2025-02-11T06:12:46.084Z [INFO]: Mapped {/api/newsletters/emails/search, GET} route
2025-02-11T06:12:46.084Z [INFO]: Nest application successfully started
2025-02-11T06:14:52.575Z [INFO]: Starting Nest application...
2025-02-11T06:14:52.575Z [INFO]: AppModule dependencies initialized
2025-02-11T06:14:52.575Z [INFO]: ConfigModule dependencies initialized
2025-02-11T06:14:52.576Z [INFO]: PrismaModule dependencies initialized
2025-02-11T06:14:52.576Z [INFO]: ConfigHostModule dependencies initialized
2025-02-11T06:14:52.576Z [INFO]: WinstonModule dependencies initialized
2025-02-11T06:14:52.576Z [INFO]: CacheModule dependencies initialized
2025-02-11T06:14:52.576Z [INFO]: ConfigModule dependencies initialized
2025-02-11T06:14:52.576Z [INFO]: LoggerModule dependencies initialized
2025-02-11T06:14:52.576Z [INFO]: UsersModule dependencies initialized
2025-02-11T06:14:52.576Z [INFO]: NewsletterModule dependencies initialized
2025-02-11T06:14:52.576Z [INFO]: ProjectsModule dependencies initialized
2025-02-11T06:14:52.576Z [INFO]: UsersController {/api/users}:
2025-02-11T06:14:52.576Z [INFO]: Mapped {/api/users, POST} route
2025-02-11T06:14:52.576Z [INFO]: Mapped {/api/users, GET} route
2025-02-11T06:14:52.576Z [INFO]: ProjectsController {/api/projects}:
2025-02-11T06:14:52.576Z [INFO]: Mapped {/api/projects, POST} route
2025-02-11T06:14:52.576Z [INFO]: Mapped {/api/projects, GET} route
2025-02-11T06:14:52.576Z [INFO]: Mapped {/api/projects/:id/prompt, PUT} route
2025-02-11T06:14:52.576Z [INFO]: NewsletterController {/api/newsletters}:
2025-02-11T06:14:52.577Z [INFO]: Mapped {/api/newsletters, GET} route
2025-02-11T06:14:52.577Z [INFO]: Mapped {/api/newsletters/emails, GET} route
2025-02-11T06:14:52.577Z [INFO]: Mapped {/api/newsletters/emails/search, GET} route
2025-02-11T06:14:52.577Z [INFO]: Nest application successfully started
